Started GET "/" for ::1 at 2020-12-08 09:35:38 +0300
  [1m[35m (209.9ms)[0m  [1m[34mSELECT sqlite_version(*)[0m
Processing by Rails::WelcomeController#index as HTML
  Rendering C:/Ruby27-x64/lib/ruby/gems/2.7.0/gems/railties-6.0.3.4/lib/rails/templates/rails/welcome/index.html.erb
  Rendered C:/Ruby27-x64/lib/ruby/gems/2.7.0/gems/railties-6.0.3.4/lib/rails/templates/rails/welcome/index.html.erb (Duration: 83.6ms | Allocations: 426)
Completed 200 OK in 413ms (Views: 216.6ms | ActiveRecord: 0.0ms | Allocations: 2497)


Started GET "/www.thinknetica.com" for ::1 at 2020-12-09 11:20:07 +0300
  [1m[35m (61.1ms)[0m  [1m[34mSELECT sqlite_version(*)[0m
  
ActionController::RoutingError (No route matches [GET] "/www.thinknetica.com"):
  
actionpack (6.0.3.4) lib/action_dispatch/middleware/debug_exceptions.rb:36:in `call'
web-console (4.1.0) lib/web_console/middleware.rb:132:in `call_app'
web-console (4.1.0) lib/web_console/middleware.rb:28:in `block in call'
web-console (4.1.0) lib/web_console/middleware.rb:17:in `catch'
web-console (4.1.0) lib/web_console/middleware.rb:17:in `call'
actionpack (6.0.3.4) lib/action_dispatch/middleware/show_exceptions.rb:33:in `call'
railties (6.0.3.4) lib/rails/rack/logger.rb:37:in `call_app'
railties (6.0.3.4) lib/rails/rack/logger.rb:26:in `block in call'
activesupport (6.0.3.4) lib/active_support/tagged_logging.rb:80:in `block in tagged'
activesupport (6.0.3.4) lib/active_support/tagged_logging.rb:28:in `tagged'
activesupport (6.0.3.4) lib/active_support/tagged_logging.rb:80:in `tagged'
railties (6.0.3.4) lib/rails/rack/logger.rb:26:in `call'
sprockets-rails (3.2.2) lib/sprockets/rails/quiet_assets.rb:13:in `call'
actionpack (6.0.3.4) lib/action_dispatch/middleware/remote_ip.rb:81:in `call'
actionpack (6.0.3.4) lib/action_dispatch/middleware/request_id.rb:27:in `call'
rack (2.2.3) lib/rack/method_override.rb:24:in `call'
rack (2.2.3) lib/rack/runtime.rb:22:in `call'
activesupport (6.0.3.4) lib/active_support/cache/strategy/local_cache_middleware.rb:29:in `call'
actionpack (6.0.3.4) lib/action_dispatch/middleware/executor.rb:14:in `call'
actionpack (6.0.3.4) lib/action_dispatch/middleware/static.rb:126:in `call'
rack (2.2.3) lib/rack/sendfile.rb:110:in `call'
actionpack (6.0.3.4) lib/action_dispatch/middleware/host_authorization.rb:82:in `call'
webpacker (4.3.0) lib/webpacker/dev_server_proxy.rb:23:in `perform_request'
rack-proxy (0.6.5) lib/rack/proxy.rb:57:in `call'
railties (6.0.3.4) lib/rails/engine.rb:527:in `call'
puma (4.3.7) lib/puma/configuration.rb:228:in `call'
puma (4.3.7) lib/puma/server.rb:713:in `handle_request'
puma (4.3.7) lib/puma/server.rb:472:in `process_client'
puma (4.3.7) lib/puma/server.rb:328:in `block in run'
puma (4.3.7) lib/puma/thread_pool.rb:134:in `block in spawn_thread'
  [1m[35m (49.1ms)[0m  [1m[34mSELECT sqlite_version(*)[0m
  [1m[35m (161.8ms)[0m  [1m[35mCREATE TABLE "schema_migrations" ("version" varchar NOT NULL PRIMARY KEY)[0m
  [1m[35m (99.0ms)[0m  [1m[35mCREATE TABLE "ar_internal_metadata" ("key" varchar NOT NULL PRIMARY KEY, "value" varchar, "created_at" datetime(6) NOT NULL, "updated_at" datetime(6) NOT NULL)[0m
  [1m[35m (0.5ms)[0m  [1m[34mSELECT "schema_migrations"."version" FROM "schema_migrations" ORDER BY "schema_migrations"."version" ASC[0m
Migrating to CreateTests (20201210151040)
  [1m[35m (1.5ms)[0m  [1m[36mbegin transaction[0m
  [1m[35m (13.5ms)[0m  [1m[35mCREATE TABLE "tests" ("id" integer PRIMARY KEY AUTOINCREMENT NOT NULL, "title" varchar NOT NULL, "level" integer DEFAULT 0, "categories_id" integer NOT NULL, "users_id" integer NOT NULL, "created_at" datetime(6) NOT NULL, "updated_at" datetime(6) NOT NULL, CONSTRAINT "fk_rails_ae00681881"
FOREIGN KEY ("categories_id")
  REFERENCES "categories" ("id")
, CONSTRAINT "fk_rails_2d5fb48be2"
FOREIGN KEY ("users_id")
  REFERENCES "users" ("id")
)[0m
  [1m[35m (0.2ms)[0m  [1m[35mCREATE  INDEX "index_tests_on_categories_id" ON "tests" ("categories_id")[0m
  [1m[35m (0.2ms)[0m  [1m[35mCREATE  INDEX "index_tests_on_users_id" ON "tests" ("users_id")[0m
  [1m[36mprimary::SchemaMigration Create (0.3ms)[0m  [1m[32mINSERT INTO "schema_migrations" ("version") VALUES (?)[0m  [["version", "20201210151040"]]
  [1m[35m (186.1ms)[0m  [1m[36mcommit transaction[0m
Migrating to CreateQuestions (20201210151624)
  [1m[35m (0.1ms)[0m  [1m[36mbegin transaction[0m
  [1m[35m (38.4ms)[0m  [1m[35mCREATE TABLE "questions" ("id" integer PRIMARY KEY AUTOINCREMENT NOT NULL, "title" varchar NOT NULL, "tests_id" integer NOT NULL, "created_at" datetime(6) NOT NULL, "updated_at" datetime(6) NOT NULL, CONSTRAINT "fk_rails_4f2bc76c11"
FOREIGN KEY ("tests_id")
  REFERENCES "tests" ("id")
)[0m
  [1m[35m (0.2ms)[0m  [1m[35mCREATE  INDEX "index_questions_on_tests_id" ON "questions" ("tests_id")[0m
  [1m[36mprimary::SchemaMigration Create (0.5ms)[0m  [1m[32mINSERT INTO "schema_migrations" ("version") VALUES (?)[0m  [["version", "20201210151624"]]
  [1m[35m (200.7ms)[0m  [1m[36mcommit transaction[0m
Migrating to CreateUsers (20201210151750)
  [1m[35m (0.1ms)[0m  [1m[36mbegin transaction[0m
  [1m[35m (13.7ms)[0m  [1m[35mCREATE TABLE "users" ("id" integer PRIMARY KEY AUTOINCREMENT NOT NULL, "name" varchar NOT NULL, "created_at" datetime(6) NOT NULL, "updated_at" datetime(6) NOT NULL)[0m
  [1m[36mprimary::SchemaMigration Create (0.3ms)[0m  [1m[32mINSERT INTO "schema_migrations" ("version") VALUES (?)[0m  [["version", "20201210151750"]]
  [1m[35m (163.7ms)[0m  [1m[36mcommit transaction[0m
Migrating to CreateCategories (20201210151817)
  [1m[35m (0.1ms)[0m  [1m[36mbegin transaction[0m
  [1m[35m (58.0ms)[0m  [1m[35mCREATE TABLE "categories" ("id" integer PRIMARY KEY AUTOINCREMENT NOT NULL, "title" varchar NOT NULL, "created_at" datetime(6) NOT NULL, "updated_at" datetime(6) NOT NULL)[0m
  [1m[36mprimary::SchemaMigration Create (0.3ms)[0m  [1m[32mINSERT INTO "schema_migrations" ("version") VALUES (?)[0m  [["version", "20201210151817"]]
  [1m[35m (280.1ms)[0m  [1m[36mcommit transaction[0m
Migrating to CreateComplitedHistoryTests (20201218160838)
  [1m[35m (0.1ms)[0m  [1m[36mbegin transaction[0m
  [1m[35m (3.1ms)[0m  [1m[35mCREATE TABLE "complited_history_tests" ("id" integer PRIMARY KEY AUTOINCREMENT NOT NULL, "complited" boolean DEFAULT 0, "user_id" integer NOT NULL, "test_id" integer NOT NULL, CONSTRAINT "fk_rails_91472c08cc"
FOREIGN KEY ("user_id")
  REFERENCES "users" ("id")
, CONSTRAINT "fk_rails_700ff2f750"
FOREIGN KEY ("test_id")
  REFERENCES "tests" ("id")
)[0m
  [1m[35m (0.2ms)[0m  [1m[35mCREATE  INDEX "index_complited_history_tests_on_user_id" ON "complited_history_tests" ("user_id")[0m
  [1m[35m (0.3ms)[0m  [1m[35mCREATE  INDEX "index_complited_history_tests_on_test_id" ON "complited_history_tests" ("test_id")[0m
  [1m[36mprimary::SchemaMigration Create (0.4ms)[0m  [1m[32mINSERT INTO "schema_migrations" ("version") VALUES (?)[0m  [["version", "20201218160838"]]
  [1m[35m (310.5ms)[0m  [1m[36mcommit transaction[0m
Migrating to CreateCreateComplitedHistoryTests (20201218181639)
  [1m[35m (0.1ms)[0m  [1m[36mbegin transaction[0m
  [1m[35m (11.6ms)[0m  [1m[35mCREATE TABLE "create_complited_history_tests" ("id" integer PRIMARY KEY AUTOINCREMENT NOT NULL, "created_at" datetime(6) NOT NULL, "updated_at" datetime(6) NOT NULL)[0m
  [1m[36mprimary::SchemaMigration Create (0.4ms)[0m  [1m[32mINSERT INTO "schema_migrations" ("version") VALUES (?)[0m  [["version", "20201218181639"]]
  [1m[35m (185.9ms)[0m  [1m[36mcommit transaction[0m
  [1m[36mActiveRecord::InternalMetadata Load (0.4ms)[0m  [1m[34mSELECT "ar_internal_metadata".* FROM "ar_internal_metadata" WHERE "ar_internal_metadata"."key" = ? LIMIT ?[0m  [["key", "environment"], ["LIMIT", 1]]
  [1m[35m (0.1ms)[0m  [1m[36mbegin transaction[0m
  [1m[36mActiveRecord::InternalMetadata Create (15.4ms)[0m  [1m[32mINSERT INTO "ar_internal_metadata" ("key", "value", "created_at", "updated_at") VALUES (?, ?, ?, ?)[0m  [["key", "environment"], ["value", "development"], ["created_at", "2020-12-21 08:33:33.376026"], ["updated_at", "2020-12-21 08:33:33.376026"]]
  [1m[35m (203.0ms)[0m  [1m[36mcommit transaction[0m
  [1m[35m (0.1ms)[0m  [1m[34mSELECT sqlite_version(*)[0m
  [1m[35m (0.2ms)[0m  [1m[34mSELECT "schema_migrations"."version" FROM "schema_migrations" ORDER BY "schema_migrations"."version" ASC[0m
  [1m[35m (50.9ms)[0m  [1m[34mSELECT sqlite_version(*)[0m
  [1m[35m (211.5ms)[0m  [1m[35mCREATE TABLE "schema_migrations" ("version" varchar NOT NULL PRIMARY KEY)[0m
  [1m[35m (193.9ms)[0m  [1m[35mCREATE TABLE "ar_internal_metadata" ("key" varchar NOT NULL PRIMARY KEY, "value" varchar, "created_at" datetime(6) NOT NULL, "updated_at" datetime(6) NOT NULL)[0m
  [1m[35m (0.4ms)[0m  [1m[34mSELECT "schema_migrations"."version" FROM "schema_migrations" ORDER BY "schema_migrations"."version" ASC[0m
Migrating to CreateTests (20201210151040)
  [1m[35m (0.1ms)[0m  [1m[36mbegin transaction[0m
  [1m[35m (19.8ms)[0m  [1m[35mCREATE TABLE "tests" ("id" integer PRIMARY KEY AUTOINCREMENT NOT NULL, "title" varchar NOT NULL, "level" integer DEFAULT 0, "categories_id" integer NOT NULL, "users_id" integer NOT NULL, "created_at" datetime(6) NOT NULL, "updated_at" datetime(6) NOT NULL, CONSTRAINT "fk_rails_ae00681881"
FOREIGN KEY ("categories_id")
  REFERENCES "categories" ("id")
, CONSTRAINT "fk_rails_2d5fb48be2"
FOREIGN KEY ("users_id")
  REFERENCES "users" ("id")
)[0m
  [1m[35m (15.7ms)[0m  [1m[35mCREATE  INDEX "index_tests_on_categories_id" ON "tests" ("categories_id")[0m
  [1m[35m (0.2ms)[0m  [1m[35mCREATE  INDEX "index_tests_on_users_id" ON "tests" ("users_id")[0m
  [1m[36mprimary::SchemaMigration Create (0.4ms)[0m  [1m[32mINSERT INTO "schema_migrations" ("version") VALUES (?)[0m  [["version", "20201210151040"]]
  [1m[35m (195.0ms)[0m  [1m[36mcommit transaction[0m
Migrating to CreateQuestions (20201210151624)
  [1m[35m (0.1ms)[0m  [1m[36mbegin transaction[0m
  [1m[35m (2.1ms)[0m  [1m[35mCREATE TABLE "questions" ("id" integer PRIMARY KEY AUTOINCREMENT NOT NULL, "title" varchar NOT NULL, "tests_id" integer NOT NULL, "created_at" datetime(6) NOT NULL, "updated_at" datetime(6) NOT NULL, CONSTRAINT "fk_rails_4f2bc76c11"
FOREIGN KEY ("tests_id")
  REFERENCES "tests" ("id")
)[0m
  [1m[35m (1.3ms)[0m  [1m[35mCREATE  INDEX "index_questions_on_tests_id" ON "questions" ("tests_id")[0m
  [1m[36mprimary::SchemaMigration Create (0.3ms)[0m  [1m[32mINSERT INTO "schema_migrations" ("version") VALUES (?)[0m  [["version", "20201210151624"]]
  [1m[35m (245.7ms)[0m  [1m[36mcommit transaction[0m
Migrating to CreateUsers (20201210151750)
  [1m[35m (0.2ms)[0m  [1m[36mbegin transaction[0m
  [1m[35m (13.1ms)[0m  [1m[35mCREATE TABLE "users" ("id" integer PRIMARY KEY AUTOINCREMENT NOT NULL, "name" varchar NOT NULL, "created_at" datetime(6) NOT NULL, "updated_at" datetime(6) NOT NULL)[0m
  [1m[36mprimary::SchemaMigration Create (0.4ms)[0m  [1m[32mINSERT INTO "schema_migrations" ("version") VALUES (?)[0m  [["version", "20201210151750"]]
  [1m[35m (211.7ms)[0m  [1m[36mcommit transaction[0m
Migrating to CreateCategories (20201210151817)
  [1m[35m (0.1ms)[0m  [1m[36mbegin transaction[0m
  [1m[35m (31.2ms)[0m  [1m[35mCREATE TABLE "categories" ("id" integer PRIMARY KEY AUTOINCREMENT NOT NULL, "title" varchar NOT NULL, "created_at" datetime(6) NOT NULL, "updated_at" datetime(6) NOT NULL)[0m
  [1m[36mprimary::SchemaMigration Create (0.5ms)[0m  [1m[32mINSERT INTO "schema_migrations" ("version") VALUES (?)[0m  [["version", "20201210151817"]]
  [1m[35m (253.5ms)[0m  [1m[36mcommit transaction[0m
Migrating to CreateTestPassege (20201218181639)
  [1m[35m (0.9ms)[0m  [1m[34mSELECT sqlite_version(*)[0m
  [1m[35m (0.4ms)[0m  [1m[34mSELECT "schema_migrations"."version" FROM "schema_migrations" ORDER BY "schema_migrations"."version" ASC[0m
Migrating to CreateTestPassages (20201221121848)
  [1m[35m (0.1ms)[0m  [1m[36mbegin transaction[0m
  [1m[35m (2.1ms)[0m  [1m[35mCREATE TABLE "test_passages" ("id" integer PRIMARY KEY AUTOINCREMENT NOT NULL, "user_id" integer, "test_id" integer, "created_at" datetime(6) NOT NULL, "updated_at" datetime(6) NOT NULL, CONSTRAINT "fk_rails_11c1f136b6"
FOREIGN KEY ("user_id")
  REFERENCES "users" ("id")
, CONSTRAINT "fk_rails_57c9aa48e7"
FOREIGN KEY ("test_id")
  REFERENCES "tests" ("id")
)[0m
  [1m[35m (0.2ms)[0m  [1m[35mCREATE  INDEX "index_test_passages_on_user_id" ON "test_passages" ("user_id")[0m
  [1m[35m (0.2ms)[0m  [1m[35mCREATE  INDEX "index_test_passages_on_test_id" ON "test_passages" ("test_id")[0m
  [1m[36mprimary::SchemaMigration Create (0.8ms)[0m  [1m[32mINSERT INTO "schema_migrations" ("version") VALUES (?)[0m  [["version", "20201221121848"]]
  [1m[35m (170.4ms)[0m  [1m[36mcommit transaction[0m
  [1m[36mActiveRecord::InternalMetadata Load (0.4ms)[0m  [1m[34mSELECT "ar_internal_metadata".* FROM "ar_internal_metadata" WHERE "ar_internal_metadata"."key" = ? LIMIT ?[0m  [["key", "environment"], ["LIMIT", 1]]
  [1m[35m (0.2ms)[0m  [1m[36mbegin transaction[0m
  [1m[36mActiveRecord::InternalMetadata Create (1.6ms)[0m  [1m[32mINSERT INTO "ar_internal_metadata" ("key", "value", "created_at", "updated_at") VALUES (?, ?, ?, ?)[0m  [["key", "environment"], ["value", "development"], ["created_at", "2020-12-21 12:32:50.123125"], ["updated_at", "2020-12-21 12:32:50.123125"]]
  [1m[35m (164.7ms)[0m  [1m[36mcommit transaction[0m
  [1m[35m (0.1ms)[0m  [1m[34mSELECT sqlite_version(*)[0m
  [1m[35m (0.2ms)[0m  [1m[34mSELECT "schema_migrations"."version" FROM "schema_migrations" ORDER BY "schema_migrations"."version" ASC[0m
